Name                                                           Stmts   Miss  Cover   Missing
--------------------------------------------------------------------------------------------
agents\competitive_intelligence\__init__.py                        1      0   100%
agents\competitive_intelligence\base_agent.py                     46     27    41%   18, 28, 32-50, 53-66
agents\competitive_intelligence\benchmark_agent.py                22     15    32%   21-29, 32-40
agents\competitive_intelligence\executive_strategy_agent.py       30     24    20%   8, 11-40
agents\competitive_intelligence\market_intelligence_agent.py      69     55    20%   17-20, 23-34, 37-88
agents\competitive_intelligence\orchestrator.py                   48     38    21%   13-16, 20-57
agents\competitive_intelligence\utils\__init__.py                  1      0   100%
agents\competitive_intelligence\utils\cache.py                    29     20    31%   10-22, 25-36, 39-41
agents\competitive_intelligence\utils\news_fetcher.py             25     18    28%   12-43
agents\competitive_intelligence\utils\scraper.py                  55     37    33%   18, 20, 23-30, 39-69
api\__init__.py                                                    0      0   100%
api\routes\__init__.py                                             0      0   100%
api\routes\orchestration.py                                       20      0   100%
api\routes\transcription.py                                       53     40    25%   41-99
backoffice\__init__.py                                             6      1    83%   10
backoffice\agents\__init__.py                                      3      0   100%
backoffice\agents\backoffice_agent.py                             95     67    29%   22-35, 38, 41, 52-67, 70-71, 88, 91-95, 112-129, 132, 143-158, 161-177, 182, 185-198, 203-206, 223, 226-239, 259-261, 264-266
backoffice\agents\orchestrator.py                                 63      3    95%   55, 69, 100
backoffice\agents\transcription_agent.py                          54     42    22%   22-28, 31-34, 40-70, 77-101
backoffice\analytics\__init__.py                                   7      0   100%
backoffice\analytics\account_health.py                            33      2    94%   17, 40
backoffice\analytics\engine.py                                    30      9    70%   12, 55, 63-70
backoffice\analytics\forecasting.py                               42      0   100%
backoffice\analytics\offer_validation.py                          24      2    92%   17, 28
backoffice\analytics\pipeline_scoring.py                          24      0   100%
backoffice\analytics\portfolio.py                                 35      5    86%   19, 35, 37, 39, 41
backoffice\cleaning\__init__.py                                    5      0   100%
backoffice\cleaning\deduplicator.py                               23      8    65%   26-33
backoffice\cleaning\normalizer.py                                 42      2    95%   42, 65
backoffice\cleaning\pipeline.py                                   36      3    92%   19, 22, 56
backoffice\cleaning\validator.py                                  33     10    70%   16-17, 20-22, 26, 40-43
backoffice\database\__init__.py                                    2      0   100%
backoffice\database\supabase_client.py                           140    103    26%   34-37, 51, 64-76, 79-84, 87-93, 106-126, 129-134, 143-154, 157-166, 183-194, 201-207, 220-231, 234-245, 250-259, 262-270, 282-292, 297-301, 304-312, 315-322, 325-337
backoffice\extraction\__init__.py                                  4      0   100%
backoffice\extraction\engine.py                                   67      2    97%   98-99
backoffice\extraction\review_queue.py                             42      9    79%   46, 49-55, 58
backoffice\extraction\structuring.py                              80      5    94%   80, 107, 111, 127-128
backoffice\graph\__init__.py                                       4      0   100%
backoffice\graph\relations.py                                     23      0   100%
backoffice\graph\search.py                                        36      9    75%   16, 41-44, 48-51
backoffice\graph\store.py                                         73      6    92%   34, 51-52, 71-72, 103
backoffice\ingestion\__init__.py                                   8      0   100%
backoffice\ingestion\base.py                                      37      1    97%   52
backoffice\ingestion\email_connector.py                           28     11    61%   21, 24, 27-41
backoffice\ingestion\excel_connector.py                           34     25    26%   11, 15-26, 29-63
backoffice\ingestion\folder_scanner.py                            25     14    44%   27-45
backoffice\ingestion\pdf_connector.py                             36     26    28%   10, 14-16, 20-31, 42-47, 50-55
backoffice\ingestion\txt_connector.py                             23      6    74%   15-17, 19-20, 25
backoffice\ingestion\word_connector.py                            28     20    29%   10, 14-27, 38-44
backoffice\integrations\__init__.py                                2      0   100%
backoffice\integrations\google_integration.py                    114     79    31%   48, 51-55, 59-62, 66-85, 98-121, 124-139, 152-173, 176-203
backoffice\models\__init__.py                                      9      0   100%
backoffice\models\base.py                                         27      0   100%
backoffice\models\client.py                                       13      0   100%
backoffice\models\contact.py                                      12      0   100%
backoffice\models\document.py                                     14      0   100%
backoffice\models\offer.py                                        16      0   100%
backoffice\models\opportunity.py                                  14      0   100%
backoffice\models\product.py                                      12      0   100%
backoffice\models\sale.py                                         16      0   100%
backoffice\orchestration.py                                       60      6    90%   38, 64, 118, 120, 122, 124
backoffice\reporting\__init__.py                                   2      0   100%
backoffice\reporting\generator.py                                 39      2    95%   60-61
backoffice\runtime_components.py                                  90     10    89%   33, 57-58, 62-63, 115-119
core\__init__.py                                                   3      0   100%
core\base_simulation_engine.py                                   149    122    18%   22-73, 80-98, 105-110, 114, 126-134, 138, 142, 156, 160, 164-167, 171-175, 180, 189-201, 213-228, 235-269, 297-298, 302
core\consumption_engine.py                                       105      0   100%
core\consumption_model.py                                         24      4    83%   33, 43-45
core\corrugator_engine.py                                        221     31    86%   128, 172-174, 176-178, 183-185, 235, 291-302, 307-310, 356-359, 362
core\forklift_simulation_engine.py                                99     92     7%   20-44, 48-143, 147-153
core\human_factors.py                                             31      9    71%   28, 34, 38, 41, 44-53
core\ingetrans_simulation_engine.py                               74     68     8%   19-31, 34-99, 102-110
core\kpi_calculator.py                                            21      0   100%
core\materials_flow.py                                            75     47    37%   38-42, 46-51, 54-58, 61-63, 66-73, 76-78, 81-84, 91-102, 105
core\predictive_logic.py                                          15      0   100%
core\reactive_logic.py                                            17      0   100%
core\roll_stand.py                                                32      0   100%
core\starvation_detector.py                                       17      1    94%   34
core\track_state.py                                               12      1    92%   15
document_analysis\__init__.py                                      8      0   100%
document_analysis\ai_enhancer.py                                  69     52    25%   18-20, 24, 28-43, 47-62, 66-74, 81-91, 94-106, 114-126, 130-133
... (truncated for brevity)

TOTAL                                                           5818   2298    61%